0 info it worked if it ends with ok
1 verbose cli [ 'node', '/usr/local/bin/npm', 'publish' ]
2 info using npm@2.9.1
3 info using node@v0.12.0
4 verbose publish [ '.' ]
5 silly cache add args [ '.', null ]
6 verbose cache add spec .
7 silly cache add parsed spec { raw: '.',
7 silly cache add   scope: null,
7 silly cache add   name: null,
7 silly cache add   rawSpec: '.',
7 silly cache add   spec: '/Users/Rey1/ironLog',
7 silly cache add   type: 'directory' }
8 verbose addLocalDirectory /Users/Rey1/.npm/IronLog/0.1.0/package.tgz not in flight; packing
9 verbose tar pack [ '/Users/Rey1/.npm/IronLog/0.1.0/package.tgz',
9 verbose tar pack   '/Users/Rey1/ironLog' ]
10 verbose tarball /Users/Rey1/.npm/IronLog/0.1.0/package.tgz
11 verbose folder /Users/Rey1/ironLog
12 info prepublish IronLog@0.1.0
13 verbose addLocalTarball adding from inside cache /Users/Rey1/.npm/IronLog/0.1.0/package.tgz
14 silly cache afterAdd IronLog@0.1.0
15 verbose afterAdd /Users/Rey1/.npm/IronLog/0.1.0/package/package.json not in flight; writing
16 verbose afterAdd /Users/Rey1/.npm/IronLog/0.1.0/package/package.json written
17 silly publish { name: 'IronLog',
17 silly publish   version: '0.1.0',
17 silly publish   description: 'Extend of Console Object, easy log with color and also off all your logs in your application',
17 silly publish   main: 'dist/IronLog.js',
17 silly publish   scripts: { test: 'npm test' },
17 silly publish   repository:
17 silly publish    { type: 'git',
17 silly publish      url: 'git+https://github.com/reiniergs/ironLog.git' },
17 silly publish   keywords:
17 silly publish    [ 'console',
17 silly publish      'log',
17 silly publish      'log',
17 silly publish      'with',
17 silly publish      'color',
17 silly publish      'easy',
17 silly publish      'log',
17 silly publish      'fansy',
17 silly publish      'log',
17 silly publish      'off',
17 silly publish      'logs',
17 silly publish      'console.log' ],
17 silly publish   author: { name: 'Rey Guerra' },
17 silly publish   license: 'MIT',
17 silly publish   bugs: { url: 'https://github.com/reiniergs/ironLog/issues' },
17 silly publish   homepage: 'https://github.com/reiniergs/ironLog',
17 silly publish   devDependencies:
17 silly publish    { grunt: '^0.4.5',
17 silly publish      'grunt-babel': '^5.0.1',
17 silly publish      'grunt-contrib-watch': '^0.6.1' },
17 silly publish   readme: '# iron-log\nturn off yours logs writing a single command and give you more colors and methods in console.\n\n## Instalation\nDownload from [here][download] \n\nor use npm\n```shell\n npm install iron-log\n```\n\n## How to use it?\n\n```html\n <script src="path/to/IronLog.js"></script>\n```\n\n#### `console.off()`\nturn off yours logs \n\n```javascript\n  console.log(\'Hello !\'); // => Hello !\n  console.off();\n  console.log(\'How you doing?\'); => // do nothing\n```  \n#### `console.on()`\nalso you can turn on whenever you want\n\n```javascript\n  console.log(\'Hello !\'); // => Hello !\n  console.off();\n  console.log(\'How you doing?\'); => // do nothing\n  console.on();\n  console.log(\'I am doing well!\'); => // I am doing well \n```  \nerrors keep coming in the console after console.off(), if you want to turn off the errors you can also do so\n\n```javascript\n  console.off({ error : true });\n  console.error(\'Something went wrong\'); => // do nothing\n```  \n#### console.openBlock([name]), console.closeBlock([name])\ncreate a group on the console and show the elapsed time in seconds since its start.\n\n```javascript \n  function doSomething() {\n    console.openBlock(\'block 1\');\n    for (var i = 1; i <= 100000; i++) {\n      if (i % 10000 === 0) {\n        console.log(i);\n      }\n    }\n    console.closeBlock();\n  }\n``` \n![Screenshot](https://github.com/reiniergs/ironLog/blob/master/docs/openBlock.png?raw=true)\n\n#### `console.progressBar(steps_completed, total_steps)`\nlog in console a progress bar base on the params passed \n\n```javascript\n  console.progressBar(20,60);\n```\n![Screenshot](https://github.com/reiniergs/ironLog/blob/master/docs/styleCmd.png?raw=true)\n\nalso you can something like this\n\n```javascript\n  var bar = console.progressBar(20,60); // render bar (20 of 60)\n      bar.add(10);\n      bar.log(); // render bar (30 of 60)\n      bar.complete();\n      bar.log(); // render bar (60 of 60)\n```\n#### `console.ok()` `console.fail()`\nthe same of `console.log` but in green and red\n\n#### `console.styleCmd(name, styleObj)`\ncreate you own console method usign you own styles\n\n```javascript\n  var styles = {\n    \'font-size\' : \'25px\',\n     color : \'#00FF00\'\n  }\n  console.styleCmd(\'test\',styles);\n  console.test(\'Hello world !\')\n```\n![Screenshot](https://github.com/reiniergs/ironLog/blob/master/docs/progressBar.png?raw=true)\n\n\n[download]: https://github.com/reiniergs/ironLog/blob/master/dist/ironLog.js?raw=true\n\n\n\n\n',
17 silly publish   readmeFilename: 'README.md',
17 silly publish   gitHead: '89f128745652668feceb1dbb850614e9f3246813',
17 silly publish   _id: 'IronLog@0.1.0',
17 silly publish   _shasum: 'a7fc698e6ff8968fec3109d217e30475dabbb663',
17 silly publish   _from: '.' }
18 verbose getPublishConfig undefined
19 silly mapToRegistry name IronLog
20 silly mapToRegistry using default registry
21 silly mapToRegistry registry https://registry.npmjs.org/
22 silly mapToRegistry uri https://registry.npmjs.org/IronLog
23 verbose publish registryBase https://registry.npmjs.org/
24 silly publish uploading /Users/Rey1/.npm/IronLog/0.1.0/package.tgz
25 verbose stack Error: Invalid name: "IronLog"
25 verbose stack     at ensureValidName (/usr/local/lib/node_modules/npm/node_modules/normalize-package-data/lib/fixer.js:310:15)
25 verbose stack     at Object.module.exports.fixNameField (/usr/local/lib/node_modules/npm/node_modules/normalize-package-data/lib/fixer.js:205:5)
25 verbose stack     at CachingRegistryClient.publish (/usr/local/lib/node_modules/npm/node_modules/npm-registry-client/lib/publish.js:41:11)
25 verbose stack     at /usr/local/lib/node_modules/npm/lib/publish.js:134:14
25 verbose stack     at mapToRegistry (/usr/local/lib/node_modules/npm/lib/utils/map-to-registry.js:55:3)
25 verbose stack     at publish_ (/usr/local/lib/node_modules/npm/lib/publish.js:104:3)
25 verbose stack     at Array.<anonymous> (/usr/local/lib/node_modules/npm/node_modules/slide/lib/bind-actor.js:15:8)
25 verbose stack     at LOOP (/usr/local/lib/node_modules/npm/node_modules/slide/lib/chain.js:15:14)
25 verbose stack     at LOOP (/usr/local/lib/node_modules/npm/node_modules/slide/lib/chain.js:14:28)
25 verbose stack     at chain (/usr/local/lib/node_modules/npm/node_modules/slide/lib/chain.js:20:5)
26 verbose cwd /Users/Rey1/ironLog
27 error Darwin 14.1.0
28 error argv "node" "/usr/local/bin/npm" "publish"
29 error node v0.12.0
30 error npm  v2.9.1
31 error Invalid name: "IronLog"
32 error If you need help, you may report this error at:
32 error     <https://github.com/npm/npm/issues>
33 verbose exit [ 1, true ]
